Array
(
    [update] => 1
    [klantnaam] => Dura Vermeer
    [projecttitel] => Ombouw vergaderzalen
    [adres] => 
    [postcode] => 
    [plaats] => 
    [kvk] => 
    [btw] => 
    [contact_naam] => 
    [contact_functie] => 
    [contact_email] => 
    [contact_tel] => 
    [gewenste_offertedatum] => 2025-10-31
    [indicatief_budget] => 
    [situatie] => 
    [functioneel] => 
    [uitbreiding] => 
    [wensen] => 
    [beeldkwaliteitseisen] => 
    [geluidseisen] => 
    [bedieningseisen] => 
    [beveiligingseisen] => 
    [netwerkeisen] => 
    [garantie] => 
    [installatie_adres_afwijkend] => Ja
    [installatie_adres_straat] => Lemelerbergweg 25
    [installatie_adres_postcode] => 1101 AJ
    [installatie_adres_plaats] => Amsterdam
    [cp_locatie_afwijkend] => Nee
    [cp_locatie_naam] => 
    [cp_locatie_functie] => 
    [cp_locatie_email] => 
    [cp_locatie_tel] => 
    [afvoer] => 
    [afvoer_omschrijving] => 
    [installatiedatum] => 
    [locatie_apparatuur] => 
    [aantal_installaties] => 0
    [parkeren] => 
    [toegang] => 
    [boortijden] => 
    [opleverdatum] => 
    [save_section] => installatie
)
